may. 12, 2023 12:00:45 A. M. pe.edu.upeu.app.util.ErrorLogger log
SEVERE: pe.edu.upeu.app.dao.AreaPeriodoDao.update
org.sqlite.SQLiteException: [SQLITE_ERROR] SQL error or missing database (near "WHERE": syntax error)
	at org.sqlite.core.DB.newSQLException(DB.java:1141)
	at org.sqlite.core.DB.newSQLException(DB.java:1152)
	at org.sqlite.core.DB.throwex(DB.java:1112)
	at org.sqlite.core.NativeDB.prepare_utf8(Native Method)
	at org.sqlite.core.NativeDB.prepare(NativeDB.java:117)
	at org.sqlite.core.DB.prepare(DB.java:267)
	at org.sqlite.core.CorePreparedStatement.<init>(CorePreparedStatement.java:44)
	at org.sqlite.jdbc3.JDBC3PreparedStatement.<init>(JDBC3PreparedStatement.java:30)
	at org.sqlite.jdbc4.JDBC4PreparedStatement.<init>(JDBC4PreparedStatement.java:25)
	at org.sqlite.jdbc4.JDBC4Connection.prepareStatement(JDBC4Connection.java:34)
	at org.sqlite.jdbc3.JDBC3Connection.prepareStatement(JDBC3Connection.java:155)
	at org.sqlite.jdbc3.JDBC3Connection.prepareStatement(JDBC3Connection.java:135)
	at pe.edu.upeu.app.dao.AreaPeriodoDao.update(AreaPeriodoDao.java:68)
	at pe.edu.upeu.app.dao.AreaPeriodoDao.main(AreaPeriodoDao.java:131)

may. 12, 2023 12:06:42 A. M. pe.edu.upeu.app.util.ErrorLogger log
SEVERE: pe.edu.upeu.app.dao.AreaPeriodoDao.update
org.sqlite.SQLiteException: [SQLITE_ERROR] SQL error or missing database (near "WHERE": syntax error)
	at org.sqlite.core.DB.newSQLException(DB.java:1141)
	at org.sqlite.core.DB.newSQLException(DB.java:1152)
	at org.sqlite.core.DB.throwex(DB.java:1112)
	at org.sqlite.core.NativeDB.prepare_utf8(Native Method)
	at org.sqlite.core.NativeDB.prepare(NativeDB.java:117)
	at org.sqlite.core.DB.prepare(DB.java:267)
	at org.sqlite.core.CorePreparedStatement.<init>(CorePreparedStatement.java:44)
	at org.sqlite.jdbc3.JDBC3PreparedStatement.<init>(JDBC3PreparedStatement.java:30)
	at org.sqlite.jdbc4.JDBC4PreparedStatement.<init>(JDBC4PreparedStatement.java:25)
	at org.sqlite.jdbc4.JDBC4Connection.prepareStatement(JDBC4Connection.java:34)
	at org.sqlite.jdbc3.JDBC3Connection.prepareStatement(JDBC3Connection.java:155)
	at org.sqlite.jdbc3.JDBC3Connection.prepareStatement(JDBC3Connection.java:135)
	at pe.edu.upeu.app.dao.AreaPeriodoDao.update(AreaPeriodoDao.java:68)
	at pe.edu.upeu.app.dao.AreaPeriodoDao.main(AreaPeriodoDao.java:131)

may. 12, 2023 2:04:17 A. M. pe.edu.upeu.app.util.ErrorLogger log
SEVERE: pe.edu.upeu.app.dao.AreaPeriodoDao.update
org.sqlite.SQLiteException: [SQLITE_ERROR] SQL error or missing database (near "WHERE": syntax error)
	at org.sqlite.core.DB.newSQLException(DB.java:1141)
	at org.sqlite.core.DB.newSQLException(DB.java:1152)
	at org.sqlite.core.DB.throwex(DB.java:1112)
	at org.sqlite.core.NativeDB.prepare_utf8(Native Method)
	at org.sqlite.core.NativeDB.prepare(NativeDB.java:117)
	at org.sqlite.core.DB.prepare(DB.java:267)
	at org.sqlite.core.CorePreparedStatement.<init>(CorePreparedStatement.java:44)
	at org.sqlite.jdbc3.JDBC3PreparedStatement.<init>(JDBC3PreparedStatement.java:30)
	at org.sqlite.jdbc4.JDBC4PreparedStatement.<init>(JDBC4PreparedStatement.java:25)
	at org.sqlite.jdbc4.JDBC4Connection.prepareStatement(JDBC4Connection.java:34)
	at org.sqlite.jdbc3.JDBC3Connection.prepareStatement(JDBC3Connection.java:155)
	at org.sqlite.jdbc3.JDBC3Connection.prepareStatement(JDBC3Connection.java:135)
	at pe.edu.upeu.app.dao.AreaPeriodoDao.update(AreaPeriodoDao.java:68)
	at pe.edu.upeu.app.dao.AreaPeriodoDao.main(AreaPeriodoDao.java:131)

may. 12, 2023 2:07:16 A. M. pe.edu.upeu.app.util.ErrorLogger log
SEVERE: pe.edu.upeu.app.dao.AreaPeriodoDao.update
org.sqlite.SQLiteException: [SQLITE_ERROR] SQL error or missing database (near "WHERE": syntax error)
	at org.sqlite.core.DB.newSQLException(DB.java:1141)
	at org.sqlite.core.DB.newSQLException(DB.java:1152)
	at org.sqlite.core.DB.throwex(DB.java:1112)
	at org.sqlite.core.NativeDB.prepare_utf8(Native Method)
	at org.sqlite.core.NativeDB.prepare(NativeDB.java:117)
	at org.sqlite.core.DB.prepare(DB.java:267)
	at org.sqlite.core.CorePreparedStatement.<init>(CorePreparedStatement.java:44)
	at org.sqlite.jdbc3.JDBC3PreparedStatement.<init>(JDBC3PreparedStatement.java:30)
	at org.sqlite.jdbc4.JDBC4PreparedStatement.<init>(JDBC4PreparedStatement.java:25)
	at org.sqlite.jdbc4.JDBC4Connection.prepareStatement(JDBC4Connection.java:34)
	at org.sqlite.jdbc3.JDBC3Connection.prepareStatement(JDBC3Connection.java:155)
	at org.sqlite.jdbc3.JDBC3Connection.prepareStatement(JDBC3Connection.java:135)
	at pe.edu.upeu.app.dao.AreaPeriodoDao.update(AreaPeriodoDao.java:68)
	at pe.edu.upeu.app.dao.AreaPeriodoDao.main(AreaPeriodoDao.java:131)

may. 12, 2023 2:07:30 A. M. pe.edu.upeu.app.util.ErrorLogger log
SEVERE: pe.edu.upeu.app.dao.AreaPeriodoDao.update
org.sqlite.SQLiteException: [SQLITE_ERROR] SQL error or missing database (near "WHERE": syntax error)
	at org.sqlite.core.DB.newSQLException(DB.java:1141)
	at org.sqlite.core.DB.newSQLException(DB.java:1152)
	at org.sqlite.core.DB.throwex(DB.java:1112)
	at org.sqlite.core.NativeDB.prepare_utf8(Native Method)
	at org.sqlite.core.NativeDB.prepare(NativeDB.java:117)
	at org.sqlite.core.DB.prepare(DB.java:267)
	at org.sqlite.core.CorePreparedStatement.<init>(CorePreparedStatement.java:44)
	at org.sqlite.jdbc3.JDBC3PreparedStatement.<init>(JDBC3PreparedStatement.java:30)
	at org.sqlite.jdbc4.JDBC4PreparedStatement.<init>(JDBC4PreparedStatement.java:25)
	at org.sqlite.jdbc4.JDBC4Connection.prepareStatement(JDBC4Connection.java:34)
	at org.sqlite.jdbc3.JDBC3Connection.prepareStatement(JDBC3Connection.java:155)
	at org.sqlite.jdbc3.JDBC3Connection.prepareStatement(JDBC3Connection.java:135)
	at pe.edu.upeu.app.dao.AreaPeriodoDao.update(AreaPeriodoDao.java:68)
	at pe.edu.upeu.app.dao.AreaPeriodoDao.main(AreaPeriodoDao.java:131)

may. 12, 2023 2:09:12 A. M. pe.edu.upeu.app.util.ErrorLogger log
SEVERE: pe.edu.upeu.app.dao.AreaPeriodoDao.update
org.sqlite.SQLiteException: [SQLITE_ERROR] SQL error or missing database (near "WHERE": syntax error)
	at org.sqlite.core.DB.newSQLException(DB.java:1141)
	at org.sqlite.core.DB.newSQLException(DB.java:1152)
	at org.sqlite.core.DB.throwex(DB.java:1112)
	at org.sqlite.core.NativeDB.prepare_utf8(Native Method)
	at org.sqlite.core.NativeDB.prepare(NativeDB.java:117)
	at org.sqlite.core.DB.prepare(DB.java:267)
	at org.sqlite.core.CorePreparedStatement.<init>(CorePreparedStatement.java:44)
	at org.sqlite.jdbc3.JDBC3PreparedStatement.<init>(JDBC3PreparedStatement.java:30)
	at org.sqlite.jdbc4.JDBC4PreparedStatement.<init>(JDBC4PreparedStatement.java:25)
	at org.sqlite.jdbc4.JDBC4Connection.prepareStatement(JDBC4Connection.java:34)
	at org.sqlite.jdbc3.JDBC3Connection.prepareStatement(JDBC3Connection.java:155)
	at org.sqlite.jdbc3.JDBC3Connection.prepareStatement(JDBC3Connection.java:135)
	at pe.edu.upeu.app.dao.AreaPeriodoDao.update(AreaPeriodoDao.java:68)
	at pe.edu.upeu.app.dao.AreaPeriodoDao.main(AreaPeriodoDao.java:131)

may. 12, 2023 2:18:52 A. M. pe.edu.upeu.app.util.ErrorLogger log
SEVERE: pe.edu.upeu.app.dao.AreaPeriodoDao.update
org.sqlite.SQLiteException: [SQLITE_ERROR] SQL error or missing database (near "WHERE": syntax error)
	at org.sqlite.core.DB.newSQLException(DB.java:1141)
	at org.sqlite.core.DB.newSQLException(DB.java:1152)
	at org.sqlite.core.DB.throwex(DB.java:1112)
	at org.sqlite.core.NativeDB.prepare_utf8(Native Method)
	at org.sqlite.core.NativeDB.prepare(NativeDB.java:117)
	at org.sqlite.core.DB.prepare(DB.java:267)
	at org.sqlite.core.CorePreparedStatement.<init>(CorePreparedStatement.java:44)
	at org.sqlite.jdbc3.JDBC3PreparedStatement.<init>(JDBC3PreparedStatement.java:30)
	at org.sqlite.jdbc4.JDBC4PreparedStatement.<init>(JDBC4PreparedStatement.java:25)
	at org.sqlite.jdbc4.JDBC4Connection.prepareStatement(JDBC4Connection.java:34)
	at org.sqlite.jdbc3.JDBC3Connection.prepareStatement(JDBC3Connection.java:155)
	at org.sqlite.jdbc3.JDBC3Connection.prepareStatement(JDBC3Connection.java:135)
	at pe.edu.upeu.app.dao.AreaPeriodoDao.update(AreaPeriodoDao.java:68)
	at pe.edu.upeu.app.dao.AreaPeriodoDao.main(AreaPeriodoDao.java:131)

may. 12, 2023 2:20:31 A. M. pe.edu.upeu.app.util.ErrorLogger log
SEVERE: pe.edu.upeu.app.dao.AreaPeriodoDao.update
org.sqlite.SQLiteException: [SQLITE_ERROR] SQL error or missing database (near "WHERE": syntax error)
	at org.sqlite.core.DB.newSQLException(DB.java:1141)
	at org.sqlite.core.DB.newSQLException(DB.java:1152)
	at org.sqlite.core.DB.throwex(DB.java:1112)
	at org.sqlite.core.NativeDB.prepare_utf8(Native Method)
	at org.sqlite.core.NativeDB.prepare(NativeDB.java:117)
	at org.sqlite.core.DB.prepare(DB.java:267)
	at org.sqlite.core.CorePreparedStatement.<init>(CorePreparedStatement.java:44)
	at org.sqlite.jdbc3.JDBC3PreparedStatement.<init>(JDBC3PreparedStatement.java:30)
	at org.sqlite.jdbc4.JDBC4PreparedStatement.<init>(JDBC4PreparedStatement.java:25)
	at org.sqlite.jdbc4.JDBC4Connection.prepareStatement(JDBC4Connection.java:34)
	at org.sqlite.jdbc3.JDBC3Connection.prepareStatement(JDBC3Connection.java:155)
	at org.sqlite.jdbc3.JDBC3Connection.prepareStatement(JDBC3Connection.java:135)
	at pe.edu.upeu.app.dao.AreaPeriodoDao.update(AreaPeriodoDao.java:68)
	at pe.edu.upeu.app.dao.AreaPeriodoDao.main(AreaPeriodoDao.java:131)

may. 12, 2023 2:21:33 A. M. pe.edu.upeu.app.util.ErrorLogger log
SEVERE: pe.edu.upeu.app.dao.AreaPeriodoDao.update
org.sqlite.SQLiteException: [SQLITE_ERROR] SQL error or missing database (near "WHERE": syntax error)
	at org.sqlite.core.DB.newSQLException(DB.java:1141)
	at org.sqlite.core.DB.newSQLException(DB.java:1152)
	at org.sqlite.core.DB.throwex(DB.java:1112)
	at org.sqlite.core.NativeDB.prepare_utf8(Native Method)
	at org.sqlite.core.NativeDB.prepare(NativeDB.java:117)
	at org.sqlite.core.DB.prepare(DB.java:267)
	at org.sqlite.core.CorePreparedStatement.<init>(CorePreparedStatement.java:44)
	at org.sqlite.jdbc3.JDBC3PreparedStatement.<init>(JDBC3PreparedStatement.java:30)
	at org.sqlite.jdbc4.JDBC4PreparedStatement.<init>(JDBC4PreparedStatement.java:25)
	at org.sqlite.jdbc4.JDBC4Connection.prepareStatement(JDBC4Connection.java:34)
	at org.sqlite.jdbc3.JDBC3Connection.prepareStatement(JDBC3Connection.java:155)
	at org.sqlite.jdbc3.JDBC3Connection.prepareStatement(JDBC3Connection.java:135)
	at pe.edu.upeu.app.dao.AreaPeriodoDao.update(AreaPeriodoDao.java:68)
	at pe.edu.upeu.app.dao.AreaPeriodoDao.main(AreaPeriodoDao.java:131)

may. 12, 2023 2:26:55 A. M. pe.edu.upeu.app.util.ErrorLogger log
SEVERE: pe.edu.upeu.app.dao.AreaPeriodoDao.update
org.sqlite.SQLiteException: [SQLITE_ERROR] SQL error or missing database (near "WHERE": syntax error)
	at org.sqlite.core.DB.newSQLException(DB.java:1141)
	at org.sqlite.core.DB.newSQLException(DB.java:1152)
	at org.sqlite.core.DB.throwex(DB.java:1112)
	at org.sqlite.core.NativeDB.prepare_utf8(Native Method)
	at org.sqlite.core.NativeDB.prepare(NativeDB.java:117)
	at org.sqlite.core.DB.prepare(DB.java:267)
	at org.sqlite.core.CorePreparedStatement.<init>(CorePreparedStatement.java:44)
	at org.sqlite.jdbc3.JDBC3PreparedStatement.<init>(JDBC3PreparedStatement.java:30)
	at org.sqlite.jdbc4.JDBC4PreparedStatement.<init>(JDBC4PreparedStatement.java:25)
	at org.sqlite.jdbc4.JDBC4Connection.prepareStatement(JDBC4Connection.java:34)
	at org.sqlite.jdbc3.JDBC3Connection.prepareStatement(JDBC3Connection.java:155)
	at org.sqlite.jdbc3.JDBC3Connection.prepareStatement(JDBC3Connection.java:135)
	at pe.edu.upeu.app.dao.AreaPeriodoDao.update(AreaPeriodoDao.java:68)
	at pe.edu.upeu.app.dao.AreaPeriodoDao.main(AreaPeriodoDao.java:131)

may. 12, 2023 2:29:09 A. M. pe.edu.upeu.app.util.ErrorLogger log
SEVERE: pe.edu.upeu.app.dao.AreaPeriodoDao.update
org.sqlite.SQLiteException: [SQLITE_ERROR] SQL error or missing database (near "WHERE": syntax error)
	at org.sqlite.core.DB.newSQLException(DB.java:1141)
	at org.sqlite.core.DB.newSQLException(DB.java:1152)
	at org.sqlite.core.DB.throwex(DB.java:1112)
	at org.sqlite.core.NativeDB.prepare_utf8(Native Method)
	at org.sqlite.core.NativeDB.prepare(NativeDB.java:117)
	at org.sqlite.core.DB.prepare(DB.java:267)
	at org.sqlite.core.CorePreparedStatement.<init>(CorePreparedStatement.java:44)
	at org.sqlite.jdbc3.JDBC3PreparedStatement.<init>(JDBC3PreparedStatement.java:30)
	at org.sqlite.jdbc4.JDBC4PreparedStatement.<init>(JDBC4PreparedStatement.java:25)
	at org.sqlite.jdbc4.JDBC4Connection.prepareStatement(JDBC4Connection.java:34)
	at org.sqlite.jdbc3.JDBC3Connection.prepareStatement(JDBC3Connection.java:155)
	at org.sqlite.jdbc3.JDBC3Connection.prepareStatement(JDBC3Connection.java:135)
	at pe.edu.upeu.app.dao.AreaPeriodoDao.update(AreaPeriodoDao.java:68)
	at pe.edu.upeu.app.dao.AreaPeriodoDao.main(AreaPeriodoDao.java:131)

may. 12, 2023 2:29:52 A. M. pe.edu.upeu.app.util.ErrorLogger log
SEVERE: pe.edu.upeu.app.dao.AreaPeriodoDao.update
org.sqlite.SQLiteException: [SQLITE_ERROR] SQL error or missing database (near "WHERE": syntax error)
	at org.sqlite.core.DB.newSQLException(DB.java:1141)
	at org.sqlite.core.DB.newSQLException(DB.java:1152)
	at org.sqlite.core.DB.throwex(DB.java:1112)
	at org.sqlite.core.NativeDB.prepare_utf8(Native Method)
	at org.sqlite.core.NativeDB.prepare(NativeDB.java:117)
	at org.sqlite.core.DB.prepare(DB.java:267)
	at org.sqlite.core.CorePreparedStatement.<init>(CorePreparedStatement.java:44)
	at org.sqlite.jdbc3.JDBC3PreparedStatement.<init>(JDBC3PreparedStatement.java:30)
	at org.sqlite.jdbc4.JDBC4PreparedStatement.<init>(JDBC4PreparedStatement.java:25)
	at org.sqlite.jdbc4.JDBC4Connection.prepareStatement(JDBC4Connection.java:34)
	at org.sqlite.jdbc3.JDBC3Connection.prepareStatement(JDBC3Connection.java:155)
	at org.sqlite.jdbc3.JDBC3Connection.prepareStatement(JDBC3Connection.java:135)
	at pe.edu.upeu.app.dao.AreaPeriodoDao.update(AreaPeriodoDao.java:68)
	at pe.edu.upeu.app.dao.AreaPeriodoDao.main(AreaPeriodoDao.java:131)

may. 12, 2023 2:33:16 A. M. pe.edu.upeu.app.util.ErrorLogger log
SEVERE: pe.edu.upeu.app.dao.AreaPeriodoDao.update
org.sqlite.SQLiteException: [SQLITE_ERROR] SQL error or missing database (near "WHERE": syntax error)
	at org.sqlite.core.DB.newSQLException(DB.java:1141)
	at org.sqlite.core.DB.newSQLException(DB.java:1152)
	at org.sqlite.core.DB.throwex(DB.java:1112)
	at org.sqlite.core.NativeDB.prepare_utf8(Native Method)
	at org.sqlite.core.NativeDB.prepare(NativeDB.java:117)
	at org.sqlite.core.DB.prepare(DB.java:267)
	at org.sqlite.core.CorePreparedStatement.<init>(CorePreparedStatement.java:44)
	at org.sqlite.jdbc3.JDBC3PreparedStatement.<init>(JDBC3PreparedStatement.java:30)
	at org.sqlite.jdbc4.JDBC4PreparedStatement.<init>(JDBC4PreparedStatement.java:25)
	at org.sqlite.jdbc4.JDBC4Connection.prepareStatement(JDBC4Connection.java:34)
	at org.sqlite.jdbc3.JDBC3Connection.prepareStatement(JDBC3Connection.java:155)
	at org.sqlite.jdbc3.JDBC3Connection.prepareStatement(JDBC3Connection.java:135)
	at pe.edu.upeu.app.dao.AreaPeriodoDao.update(AreaPeriodoDao.java:68)
	at pe.edu.upeu.app.dao.AreaPeriodoDao.main(AreaPeriodoDao.java:131)

may. 12, 2023 2:35:09 A. M. pe.edu.upeu.app.util.ErrorLogger log
SEVERE: pe.edu.upeu.app.dao.AreaPeriodoDao.update
org.sqlite.SQLiteException: [SQLITE_ERROR] SQL error or missing database (near "WHERE": syntax error)
	at org.sqlite.core.DB.newSQLException(DB.java:1141)
	at org.sqlite.core.DB.newSQLException(DB.java:1152)
	at org.sqlite.core.DB.throwex(DB.java:1112)
	at org.sqlite.core.NativeDB.prepare_utf8(Native Method)
	at org.sqlite.core.NativeDB.prepare(NativeDB.java:117)
	at org.sqlite.core.DB.prepare(DB.java:267)
	at org.sqlite.core.CorePreparedStatement.<init>(CorePreparedStatement.java:44)
	at org.sqlite.jdbc3.JDBC3PreparedStatement.<init>(JDBC3PreparedStatement.java:30)
	at org.sqlite.jdbc4.JDBC4PreparedStatement.<init>(JDBC4PreparedStatement.java:25)
	at org.sqlite.jdbc4.JDBC4Connection.prepareStatement(JDBC4Connection.java:34)
	at org.sqlite.jdbc3.JDBC3Connection.prepareStatement(JDBC3Connection.java:155)
	at org.sqlite.jdbc3.JDBC3Connection.prepareStatement(JDBC3Connection.java:135)
	at pe.edu.upeu.app.dao.AreaPeriodoDao.update(AreaPeriodoDao.java:68)
	at pe.edu.upeu.app.dao.AreaPeriodoDao.main(AreaPeriodoDao.java:131)

may. 12, 2023 2:38:48 A. M. pe.edu.upeu.app.util.ErrorLogger log
SEVERE: pe.edu.upeu.app.dao.AreaPeriodoDao.update
org.sqlite.SQLiteException: [SQLITE_ERROR] SQL error or missing database (near "WHERE": syntax error)
	at org.sqlite.core.DB.newSQLException(DB.java:1141)
	at org.sqlite.core.DB.newSQLException(DB.java:1152)
	at org.sqlite.core.DB.throwex(DB.java:1112)
	at org.sqlite.core.NativeDB.prepare_utf8(Native Method)
	at org.sqlite.core.NativeDB.prepare(NativeDB.java:117)
	at org.sqlite.core.DB.prepare(DB.java:267)
	at org.sqlite.core.CorePreparedStatement.<init>(CorePreparedStatement.java:44)
	at org.sqlite.jdbc3.JDBC3PreparedStatement.<init>(JDBC3PreparedStatement.java:30)
	at org.sqlite.jdbc4.JDBC4PreparedStatement.<init>(JDBC4PreparedStatement.java:25)
	at org.sqlite.jdbc4.JDBC4Connection.prepareStatement(JDBC4Connection.java:34)
	at org.sqlite.jdbc3.JDBC3Connection.prepareStatement(JDBC3Connection.java:155)
	at org.sqlite.jdbc3.JDBC3Connection.prepareStatement(JDBC3Connection.java:135)
	at pe.edu.upeu.app.dao.AreaPeriodoDao.update(AreaPeriodoDao.java:68)
	at pe.edu.upeu.app.dao.AreaPeriodoDao.main(AreaPeriodoDao.java:131)

may. 12, 2023 2:43:27 A. M. pe.edu.upeu.app.util.ErrorLogger log
SEVERE: pe.edu.upeu.app.dao.AreaPeriodoDao.update
org.sqlite.SQLiteException: [SQLITE_ERROR] SQL error or missing database (near "WHERE": syntax error)
	at org.sqlite.core.DB.newSQLException(DB.java:1141)
	at org.sqlite.core.DB.newSQLException(DB.java:1152)
	at org.sqlite.core.DB.throwex(DB.java:1112)
	at org.sqlite.core.NativeDB.prepare_utf8(Native Method)
	at org.sqlite.core.NativeDB.prepare(NativeDB.java:117)
	at org.sqlite.core.DB.prepare(DB.java:267)
	at org.sqlite.core.CorePreparedStatement.<init>(CorePreparedStatement.java:44)
	at org.sqlite.jdbc3.JDBC3PreparedStatement.<init>(JDBC3PreparedStatement.java:30)
	at org.sqlite.jdbc4.JDBC4PreparedStatement.<init>(JDBC4PreparedStatement.java:25)
	at org.sqlite.jdbc4.JDBC4Connection.prepareStatement(JDBC4Connection.java:34)
	at org.sqlite.jdbc3.JDBC3Connection.prepareStatement(JDBC3Connection.java:155)
	at org.sqlite.jdbc3.JDBC3Connection.prepareStatement(JDBC3Connection.java:135)
	at pe.edu.upeu.app.dao.AreaPeriodoDao.update(AreaPeriodoDao.java:68)
	at pe.edu.upeu.app.dao.AreaPeriodoDao.main(AreaPeriodoDao.java:131)

may. 12, 2023 2:46:55 A. M. pe.edu.upeu.app.util.ErrorLogger log
SEVERE: pe.edu.upeu.app.dao.AreaPeriodoDao.update
org.sqlite.SQLiteException: [SQLITE_ERROR] SQL error or missing database (near "WHERE": syntax error)
	at org.sqlite.core.DB.newSQLException(DB.java:1141)
	at org.sqlite.core.DB.newSQLException(DB.java:1152)
	at org.sqlite.core.DB.throwex(DB.java:1112)
	at org.sqlite.core.NativeDB.prepare_utf8(Native Method)
	at org.sqlite.core.NativeDB.prepare(NativeDB.java:117)
	at org.sqlite.core.DB.prepare(DB.java:267)
	at org.sqlite.core.CorePreparedStatement.<init>(CorePreparedStatement.java:44)
	at org.sqlite.jdbc3.JDBC3PreparedStatement.<init>(JDBC3PreparedStatement.java:30)
	at org.sqlite.jdbc4.JDBC4PreparedStatement.<init>(JDBC4PreparedStatement.java:25)
	at org.sqlite.jdbc4.JDBC4Connection.prepareStatement(JDBC4Connection.java:34)
	at org.sqlite.jdbc3.JDBC3Connection.prepareStatement(JDBC3Connection.java:155)
	at org.sqlite.jdbc3.JDBC3Connection.prepareStatement(JDBC3Connection.java:135)
	at pe.edu.upeu.app.dao.AreaPeriodoDao.update(AreaPeriodoDao.java:68)
	at pe.edu.upeu.app.dao.AreaPeriodoDao.main(AreaPeriodoDao.java:131)

may. 12, 2023 2:57:41 A. M. pe.edu.upeu.app.util.ErrorLogger log
SEVERE: pe.edu.upeu.app.dao.AreaPeriodoDao.update
org.sqlite.SQLiteException: [SQLITE_ERROR] SQL error or missing database (near "WHERE": syntax error)
	at org.sqlite.core.DB.newSQLException(DB.java:1141)
	at org.sqlite.core.DB.newSQLException(DB.java:1152)
	at org.sqlite.core.DB.throwex(DB.java:1112)
	at org.sqlite.core.NativeDB.prepare_utf8(Native Method)
	at org.sqlite.core.NativeDB.prepare(NativeDB.java:117)
	at org.sqlite.core.DB.prepare(DB.java:267)
	at org.sqlite.core.CorePreparedStatement.<init>(CorePreparedStatement.java:44)
	at org.sqlite.jdbc3.JDBC3PreparedStatement.<init>(JDBC3PreparedStatement.java:30)
	at org.sqlite.jdbc4.JDBC4PreparedStatement.<init>(JDBC4PreparedStatement.java:25)
	at org.sqlite.jdbc4.JDBC4Connection.prepareStatement(JDBC4Connection.java:34)
	at org.sqlite.jdbc3.JDBC3Connection.prepareStatement(JDBC3Connection.java:155)
	at org.sqlite.jdbc3.JDBC3Connection.prepareStatement(JDBC3Connection.java:135)
	at pe.edu.upeu.app.dao.AreaPeriodoDao.update(AreaPeriodoDao.java:68)
	at pe.edu.upeu.app.dao.AreaPeriodoDao.main(AreaPeriodoDao.java:131)

may. 12, 2023 3:03:50 A. M. pe.edu.upeu.app.util.ErrorLogger log
SEVERE: pe.edu.upeu.app.dao.AreaPeriodoDao.update
org.sqlite.SQLiteException: [SQLITE_ERROR] SQL error or missing database (near "WHERE": syntax error)
	at org.sqlite.core.DB.newSQLException(DB.java:1141)
	at org.sqlite.core.DB.newSQLException(DB.java:1152)
	at org.sqlite.core.DB.throwex(DB.java:1112)
	at org.sqlite.core.NativeDB.prepare_utf8(Native Method)
	at org.sqlite.core.NativeDB.prepare(NativeDB.java:117)
	at org.sqlite.core.DB.prepare(DB.java:267)
	at org.sqlite.core.CorePreparedStatement.<init>(CorePreparedStatement.java:44)
	at org.sqlite.jdbc3.JDBC3PreparedStatement.<init>(JDBC3PreparedStatement.java:30)
	at org.sqlite.jdbc4.JDBC4PreparedStatement.<init>(JDBC4PreparedStatement.java:25)
	at org.sqlite.jdbc4.JDBC4Connection.prepareStatement(JDBC4Connection.java:34)
	at org.sqlite.jdbc3.JDBC3Connection.prepareStatement(JDBC3Connection.java:155)
	at org.sqlite.jdbc3.JDBC3Connection.prepareStatement(JDBC3Connection.java:135)
	at pe.edu.upeu.app.dao.AreaPeriodoDao.update(AreaPeriodoDao.java:68)
	at pe.edu.upeu.app.dao.AreaPeriodoDao.main(AreaPeriodoDao.java:131)

may. 12, 2023 3:08:33 A. M. pe.edu.upeu.app.util.ErrorLogger log
SEVERE: pe.edu.upeu.app.dao.AreaPeriodoDao.update
org.sqlite.SQLiteException: [SQLITE_ERROR] SQL error or missing database (near "WHERE": syntax error)
	at org.sqlite.core.DB.newSQLException(DB.java:1141)
	at org.sqlite.core.DB.newSQLException(DB.java:1152)
	at org.sqlite.core.DB.throwex(DB.java:1112)
	at org.sqlite.core.NativeDB.prepare_utf8(Native Method)
	at org.sqlite.core.NativeDB.prepare(NativeDB.java:117)
	at org.sqlite.core.DB.prepare(DB.java:267)
	at org.sqlite.core.CorePreparedStatement.<init>(CorePreparedStatement.java:44)
	at org.sqlite.jdbc3.JDBC3PreparedStatement.<init>(JDBC3PreparedStatement.java:30)
	at org.sqlite.jdbc4.JDBC4PreparedStatement.<init>(JDBC4PreparedStatement.java:25)
	at org.sqlite.jdbc4.JDBC4Connection.prepareStatement(JDBC4Connection.java:34)
	at org.sqlite.jdbc3.JDBC3Connection.prepareStatement(JDBC3Connection.java:155)
	at org.sqlite.jdbc3.JDBC3Connection.prepareStatement(JDBC3Connection.java:135)
	at pe.edu.upeu.app.dao.AreaPeriodoDao.update(AreaPeriodoDao.java:67)
	at pe.edu.upeu.app.dao.AreaPeriodoDao.main(AreaPeriodoDao.java:130)

may. 12, 2023 3:46:47 A. M. pe.edu.upeu.app.util.ErrorLogger log
SEVERE: pe.edu.upeu.app.dao.AreaPeriodoDao.create
org.sqlite.SQLiteException: [SQLITE_BUSY] The database file is locked (database is locked)
	at org.sqlite.core.DB.newSQLException(DB.java:1141)
	at org.sqlite.core.DB.newSQLException(DB.java:1152)
	at org.sqlite.core.DB.execute(DB.java:947)
	at org.sqlite.core.DB.executeUpdate(DB.java:1016)
	at org.sqlite.jdbc3.JDBC3PreparedStatement.executeUpdate(JDBC3PreparedStatement.java:90)
	at pe.edu.upeu.app.dao.AreaPeriodoDao.create(AreaPeriodoDao.java:44)
	at pe.edu.upeu.app.dao.AreaPeriodoDao.main(AreaPeriodoDao.java:112)

may. 12, 2023 3:48:43 A. M. pe.edu.upeu.app.util.ErrorLogger log
SEVERE: pe.edu.upeu.app.dao.AreaPeriodoDao.update
org.sqlite.SQLiteException: [SQLITE_ERROR] SQL error or missing database (near "WHERE": syntax error)
	at org.sqlite.core.DB.newSQLException(DB.java:1141)
	at org.sqlite.core.DB.newSQLException(DB.java:1152)
	at org.sqlite.core.DB.throwex(DB.java:1112)
	at org.sqlite.core.NativeDB.prepare_utf8(Native Method)
	at org.sqlite.core.NativeDB.prepare(NativeDB.java:117)
	at org.sqlite.core.DB.prepare(DB.java:267)
	at org.sqlite.core.CorePreparedStatement.<init>(CorePreparedStatement.java:44)
	at org.sqlite.jdbc3.JDBC3PreparedStatement.<init>(JDBC3PreparedStatement.java:30)
	at org.sqlite.jdbc4.JDBC4PreparedStatement.<init>(JDBC4PreparedStatement.java:25)
	at org.sqlite.jdbc4.JDBC4Connection.prepareStatement(JDBC4Connection.java:34)
	at org.sqlite.jdbc3.JDBC3Connection.prepareStatement(JDBC3Connection.java:155)
	at org.sqlite.jdbc3.JDBC3Connection.prepareStatement(JDBC3Connection.java:135)
	at pe.edu.upeu.app.dao.AreaPeriodoDao.update(AreaPeriodoDao.java:67)
	at pe.edu.upeu.app.dao.AreaPeriodoDao.main(AreaPeriodoDao.java:129)

may. 12, 2023 3:51:03 A. M. pe.edu.upeu.app.util.ErrorLogger log
SEVERE: pe.edu.upeu.app.dao.AreaPeriodoDao.update
org.sqlite.SQLiteException: [SQLITE_ERROR] SQL error or missing database (near "WHERE": syntax error)
	at org.sqlite.core.DB.newSQLException(DB.java:1141)
	at org.sqlite.core.DB.newSQLException(DB.java:1152)
	at org.sqlite.core.DB.throwex(DB.java:1112)
	at org.sqlite.core.NativeDB.prepare_utf8(Native Method)
	at org.sqlite.core.NativeDB.prepare(NativeDB.java:117)
	at org.sqlite.core.DB.prepare(DB.java:267)
	at org.sqlite.core.CorePreparedStatement.<init>(CorePreparedStatement.java:44)
	at org.sqlite.jdbc3.JDBC3PreparedStatement.<init>(JDBC3PreparedStatement.java:30)
	at org.sqlite.jdbc4.JDBC4PreparedStatement.<init>(JDBC4PreparedStatement.java:25)
	at org.sqlite.jdbc4.JDBC4Connection.prepareStatement(JDBC4Connection.java:34)
	at org.sqlite.jdbc3.JDBC3Connection.prepareStatement(JDBC3Connection.java:155)
	at org.sqlite.jdbc3.JDBC3Connection.prepareStatement(JDBC3Connection.java:135)
	at pe.edu.upeu.app.dao.AreaPeriodoDao.update(AreaPeriodoDao.java:67)
	at pe.edu.upeu.app.dao.AreaPeriodoDao.main(AreaPeriodoDao.java:129)

