may. 16, 2023 6:08:59 P. M. pe.edu.upeu.app.util.ErrorLogger log
SEVERE: pe.edu.upeu.app.dao.AreasDao.update
org.sqlite.SQLiteException: [SQLITE_ERROR] SQL error or missing database (incomplete input)
	at org.sqlite.core.DB.newSQLException(DB.java:1141)
	at org.sqlite.core.DB.newSQLException(DB.java:1152)
	at org.sqlite.core.DB.throwex(DB.java:1112)
	at org.sqlite.core.NativeDB.prepare_utf8(Native Method)
	at org.sqlite.core.NativeDB.prepare(NativeDB.java:117)
	at org.sqlite.core.DB.prepare(DB.java:267)
	at org.sqlite.core.CorePreparedStatement.<init>(CorePreparedStatement.java:44)
	at org.sqlite.jdbc3.JDBC3PreparedStatement.<init>(JDBC3PreparedStatement.java:30)
	at org.sqlite.jdbc4.JDBC4PreparedStatement.<init>(JDBC4PreparedStatement.java:25)
	at org.sqlite.jdbc4.JDBC4Connection.prepareStatement(JDBC4Connection.java:34)
	at org.sqlite.jdbc3.JDBC3Connection.prepareStatement(JDBC3Connection.java:155)
	at org.sqlite.jdbc3.JDBC3Connection.prepareStatement(JDBC3Connection.java:135)
	at pe.edu.upeu.app.dao.AreasDao.update(AreasDao.java:71)
	at pe.edu.upeu.app.dao.AreasDao.main(AreasDao.java:148)

may. 16, 2023 6:17:56 P. M. pe.edu.upeu.app.util.ErrorLogger log
SEVERE: pe.edu.upeu.app.dao.AreasDao.update
org.sqlite.SQLiteException: [SQLITE_ERROR] SQL error or missing database (near "WHERE": syntax error)
	at org.sqlite.core.DB.newSQLException(DB.java:1141)
	at org.sqlite.core.DB.newSQLException(DB.java:1152)
	at org.sqlite.core.DB.throwex(DB.java:1112)
	at org.sqlite.core.NativeDB.prepare_utf8(Native Method)
	at org.sqlite.core.NativeDB.prepare(NativeDB.java:117)
	at org.sqlite.core.DB.prepare(DB.java:267)
	at org.sqlite.core.CorePreparedStatement.<init>(CorePreparedStatement.java:44)
	at org.sqlite.jdbc3.JDBC3PreparedStatement.<init>(JDBC3PreparedStatement.java:30)
	at org.sqlite.jdbc4.JDBC4PreparedStatement.<init>(JDBC4PreparedStatement.java:25)
	at org.sqlite.jdbc4.JDBC4Connection.prepareStatement(JDBC4Connection.java:34)
	at org.sqlite.jdbc3.JDBC3Connection.prepareStatement(JDBC3Connection.java:155)
	at org.sqlite.jdbc3.JDBC3Connection.prepareStatement(JDBC3Connection.java:135)
	at pe.edu.upeu.app.dao.AreasDao.update(AreasDao.java:71)
	at pe.edu.upeu.app.dao.AreasDao.main(AreasDao.java:148)

may. 16, 2023 6:42:41 P. M. pe.edu.upeu.app.util.ErrorLogger log
SEVERE: pe.edu.upeu.app.dao.AreasDao.update
org.sqlite.SQLiteException: [SQLITE_ERROR] SQL error or missing database (incomplete input)
	at org.sqlite.core.DB.newSQLException(DB.java:1141)
	at org.sqlite.core.DB.newSQLException(DB.java:1152)
	at org.sqlite.core.DB.throwex(DB.java:1112)
	at org.sqlite.core.NativeDB.prepare_utf8(Native Method)
	at org.sqlite.core.NativeDB.prepare(NativeDB.java:117)
	at org.sqlite.core.DB.prepare(DB.java:267)
	at org.sqlite.core.CorePreparedStatement.<init>(CorePreparedStatement.java:44)
	at org.sqlite.jdbc3.JDBC3PreparedStatement.<init>(JDBC3PreparedStatement.java:30)
	at org.sqlite.jdbc4.JDBC4PreparedStatement.<init>(JDBC4PreparedStatement.java:25)
	at org.sqlite.jdbc4.JDBC4Connection.prepareStatement(JDBC4Connection.java:34)
	at org.sqlite.jdbc3.JDBC3Connection.prepareStatement(JDBC3Connection.java:155)
	at org.sqlite.jdbc3.JDBC3Connection.prepareStatement(JDBC3Connection.java:135)
	at pe.edu.upeu.app.dao.AreasDao.update(AreasDao.java:71)
	at pe.edu.upeu.app.dao.AreasDao.main(AreasDao.java:148)

may. 16, 2023 6:46:35 P. M. pe.edu.upeu.app.util.ErrorLogger log
SEVERE: pe.edu.upeu.app.dao.AreasDao.update
org.sqlite.SQLiteException: [SQLITE_ERROR] SQL error or missing database (incomplete input)
	at org.sqlite.core.DB.newSQLException(DB.java:1141)
	at org.sqlite.core.DB.newSQLException(DB.java:1152)
	at org.sqlite.core.DB.throwex(DB.java:1112)
	at org.sqlite.core.NativeDB.prepare_utf8(Native Method)
	at org.sqlite.core.NativeDB.prepare(NativeDB.java:117)
	at org.sqlite.core.DB.prepare(DB.java:267)
	at org.sqlite.core.CorePreparedStatement.<init>(CorePreparedStatement.java:44)
	at org.sqlite.jdbc3.JDBC3PreparedStatement.<init>(JDBC3PreparedStatement.java:30)
	at org.sqlite.jdbc4.JDBC4PreparedStatement.<init>(JDBC4PreparedStatement.java:25)
	at org.sqlite.jdbc4.JDBC4Connection.prepareStatement(JDBC4Connection.java:34)
	at org.sqlite.jdbc3.JDBC3Connection.prepareStatement(JDBC3Connection.java:155)
	at org.sqlite.jdbc3.JDBC3Connection.prepareStatement(JDBC3Connection.java:135)
	at pe.edu.upeu.app.dao.AreasDao.update(AreasDao.java:71)
	at pe.edu.upeu.app.dao.AreasDao.main(AreasDao.java:148)

may. 16, 2023 7:00:29 P. M. pe.edu.upeu.app.util.ErrorLogger log
SEVERE: pe.edu.upeu.app.dao.AreasDao.update
org.sqlite.SQLiteException: [SQLITE_ERROR] SQL error or missing database (incomplete input)
	at org.sqlite.core.DB.newSQLException(DB.java:1141)
	at org.sqlite.core.DB.newSQLException(DB.java:1152)
	at org.sqlite.core.DB.throwex(DB.java:1112)
	at org.sqlite.core.NativeDB.prepare_utf8(Native Method)
	at org.sqlite.core.NativeDB.prepare(NativeDB.java:117)
	at org.sqlite.core.DB.prepare(DB.java:267)
	at org.sqlite.core.CorePreparedStatement.<init>(CorePreparedStatement.java:44)
	at org.sqlite.jdbc3.JDBC3PreparedStatement.<init>(JDBC3PreparedStatement.java:30)
	at org.sqlite.jdbc4.JDBC4PreparedStatement.<init>(JDBC4PreparedStatement.java:25)
	at org.sqlite.jdbc4.JDBC4Connection.prepareStatement(JDBC4Connection.java:34)
	at org.sqlite.jdbc3.JDBC3Connection.prepareStatement(JDBC3Connection.java:155)
	at org.sqlite.jdbc3.JDBC3Connection.prepareStatement(JDBC3Connection.java:135)
	at pe.edu.upeu.app.dao.AreasDao.update(AreasDao.java:71)
	at pe.edu.upeu.app.dao.AreasDao.main(AreasDao.java:148)

